DAT_001043a0                                                                                       XREF[1]:              FUN_00101470:00101487(*)
                      001043a0  35                                 ??                       35h    5
                      001043a1  ef                                  ??                       EFh
                      001043a2  cf                                  ??                       CFh
                      001043a3  0b                                 ??                       0Bh
                      001043a4  6b                                 ??                       6Bh    k
                      001043a5  de                                 ??                       DEh
                      001043a6  9f                                 ??                       9Fh
                      001043a7  17                                 ??                       17h
                      001043a8  98                                 ??                       98h
                      001043a9  e7                                 ??                       E7h
                      001043aa  e7                                 ??                       E7h
                      001043ab  c5                                 ??                       C5h
                      001043ac  ac                                 ??                       ACh
                      001043ad  79                                 ??                       79h    y
                      001043ae  7f                                 ??                       7Fh    
                       001043af  5e                                 ??                       5Eh    ^
                      001043b0  59                                 ??                       59h    Y
                      001043b1  f3                                 ??                       F3h
                      001043b2  fe                                  ??                       FEh
                      001043b3  bc                                 ??                       BCh
                      001043b4  b7                                 ??                       B7h
                      001043b5  c6                                 ??                       C6h
                      001043b6  fd                                 ??                       FDh
                      001043b7  f9                                 ??                       F9h
                      001043b8  6a                                 ??                       6Ah    j
                      001043b9  ad                                 ??                       ADh
                      001043ba  fb                                 ??                       FBh
                      001043bb  73                                 ??                       73h    s
                      001043bc  d6                                 ??                       D6h
                      001043bd  bc                                 ??                       BCh
                      001043be  3f                                 ??                       3Fh    ?
                      001043bf  2f                                 ??                       2Fh    /
                      001043c0  d5                                 ??                       D5h
                      001043c1  5a                                 ??                       5Ah    Z
                      001043c2  f7                                 ??                       F7h
                      001043c3  e7                                 ??                       E7h
                      001043c4  af                                  ??                       AFh
                      001043c5  95                                 ??                       95h
                      001043c6  ee                                 ??                       EEh
                      001043c7  4f                                 ??                       4Fh    O
                      001043c8  5e                                 ??                       5Eh    ^
                      001043c9  2b                                 ??                       2Bh    +
                      001043ca  dd                                 ??                       DDh
                      001043cb  9f                                 ??                       9Fh
                      001043cc  76                                 ??                       76h    v
                      001043cd  cd                                 ??                       CDh
                      001043ce  74                                 ??                       74h    t
                       001043cf  ff                                  ??                       FFh
                      001043d0  b9                                 ??                       B9h
                      001043d1  76                                 ??                       76h    v
                      001043d2  ba                                 ??                       BAh
                      001043d3  bf                                 ??                       BFh
                      001043d4  e8                                 ??                       E8h
                      001043d5  ba                                 ??                       BAh
                      001043d6  e9                                 ??                       E9h
                      001043d7  7e                                 ??                       7Eh    ~
                      001043d8  d1                                 ??                       D1h
                      001043d9  75                                 ??                       75h    u
                      001043da  d3                                 ??                       D3h
                      001043db  fd                                 ??                       FDh
                      001043dc  4e                                 ??                       4Eh    N
                      001043dd  97                                 ??                       97h
                      001043de  4d                                 ??                       4Dh    M
                      001043df  f7                                 ??                       F7h
                      001043e0  a7                                 ??                       A7h
                      001043e1  cb                                 ??                       CBh
                      001043e2  a6                                 ??                       A6h
                      001043e3  7b                                 ??                       7Bh    {
                      001043e4  99                                 ??                       99h
                      001043e5  0e                                 ??                       0Eh
                      001043e6  9b                                 ??                       9Bh
                      001043e7  6e                                 ??                       6Eh    n
                      001043e8  32                                 ??                       32h    2
                      001043e9  1d                                 ??                       1Dh
                      001043ea  36                                 ??                       36h    6
                      001043eb  dd                                 ??                       DDh
                      001043ec  60                                 ??                       60h    `
                      001043ed  1a                                 ??                       1Ah
                      001043ee  6c                                 ??                       6Ch    l
                       001043ef  3a                                 ??                       3Ah    :
                      001043f0  c0                                 ??                       C0h
                      001043f1  34                                 ??                       34h    4
                      001043f2  d8                                 ??                       D8h
                      001043f3  74                                 ??                       74h    t
                      001043f4  81                                 ??                       81h
                      001043f5  69                                 ??                       69h    i
                      001043f6  b0                                 ??                       B0h
                      001043f7  e9                                 ??                       E9h
                      001043f8  06                                 ??                       06h
                      001043f9  f3                                 ??                       F3h
                       001043fa  60                                 ??                       60h    `
                      001043fb  53                                 ??                       53h    S
                       001043fc  0c                                 ??                       0Ch
                      001043fd  e6                                 ??                       E6h
                       001043fe  c1                                 ??                       C1h
                       001043ff  a6                                 ??                       A6h
                      00104400  1d                                 ??                       1Dh
                      00104401  ec                                 ??                       ECh
                      00104402  83                                 ??                       83h
                      00104403  cd                                 ??                       CDh
                      00104404  3f                                 ??                       3Fh    ?
                      00104405  f8                                 ??                       F8h
                      00104406  07                                 ??                       07h
                      00104407  1b                                 ??                       1Bh
                      00104408  7e                                 ??                       7Eh    ~
                      00104409  f0                                 ??                       F0h
                      0010440a  0f                                 ??                       0Fh
                      0010440b  36                                 ??                       36h    6
                      0010440c  fd                                 ??                       FDh
                      0010440d  e0                                 ??                       E0h
                      0010440e  1f                                 ??                       1Fh
                      0010440f  6c                                 ??                       6Ch    l
                      00104410  fa                                  ??                       FAh
                      00104411  c1                                 ??                       C1h
                      00104412  3f                                 ??                       3Fh    ?
                      00104413  d8                                 ??                       D8h
                      00104414  f0                                 ??                       F0h
                      00104415  a3                                 ??                       A3h
                      00104416  7f                                 ??                       7Fh    
                      00104417  30                                 ??                       30h    0
                      00104418  e1                                 ??                       E1h
                      00104419  47                                 ??                       47h    G
                      0010441a  ff                                  ??                       FFh
                      0010441b  60                                 ??                       60h    `
                      0010441c  c2                                 ??                       C2h
                      0010441d  8f                                 ??                       8Fh
                      0010441e  fe                                  ??                       FEh
                      0010441f  c1                                 ??                       C1h
                      00104420  80                                 ??                       80h
                      00104421  3f                                 ??                       3Fh    ?
                      00104422  fd                                 ??                       FDh
                      00104423  03                                 ??                       03h
                      00104424  02                                 ??                       02h
                      00104425  fe                                  ??                       FEh
                      00104426  f4                                 ??                       F4h
                      00104427  0f                                 ??                       0Fh
                      00104428  01                                 ??                       01h
                      00104429  7f                                 ??                       7Fh    
                      0010442a  fa                                  ??                       FAh
                      0010442b  07                                 ??                       07h
                      0010442c  04                                 ??                       04h
                      0010442d  fc                                  ??                       FCh
                      0010442e  e9                                 ??                       E9h
                      0010442f  1f                                 ??                       1Fh
                      00104430  08                                 ??                       08h
                      00104431  f8                                 ??                       F8h
                      00104432  d3                                 ??                       D3h
                      00104433  3f                                 ??                       3Fh    ?
                      00104434  10                                 ??                       10h
                      00104435  f0                                 ??                       F0h
                      00104436  a7                                 ??                       A7h
                      00104437  7f                                 ??                       7Fh    
                      00104438  47                                 ??                       47h    G
                      00104439  e0                                 ??                       E0h
                      0010443a  9f                                 ??                       9Fh
                      0010443b  7e                                 ??                       7Eh    ~
                      0010443c  8e                                 ??                       8Eh
                      0010443d  c0                                 ??                       C0h
                      0010443e  3f                                 ??                       3Fh    ?
                      0010443f  fd                                 ??                       FDh
                      00104440  21                                 ??                       21h    !
                      00104441  e0                                 ??                       E0h
                      00104442  4f                                 ??                       4Fh    O
                      00104443  ff                                  ??                       FFh
                      00104444  32                                 ??                       32h    2
                      00104445  42                                 ??                       42h    B
                      00104446  ff                                  ??                       FFh
                      00104447  f4                                 ??                       F4h
                      00104448  19                                 ??                       19h
                      00104449  a1                                 ??                       A1h
                      0010444a  7f                                 ??                       7Fh    
                      0010444b  7a                                 ??                       7Ah    z
                      0010444c  c3                                 ??                       C3h
                      0010444d  48                                 ??                       48h    H
                      0010444e  fd                                 ??                       FDh
                      0010444f  d3                                 ??                       D3h
                      00104450  83                                 ??                       83h
                      00104451  b1                                 ??                       B1h
                      00104452  fa                                  ??                       FAh
                      00104453  27                                 ??                       27h    '
                      00104454  06                                 ??                       06h
                      00104455  63                                 ??                       63h    c
                      00104456  f5                                 ??                       F5h
                      00104457  4f                                 ??                       4Fh    O
                      00104458  0d                                 ??                       0Dh
                      00104459  c6                                 ??                       C6h
                      0010445a  ea                                 ??                       EAh
                      0010445b  9f                                 ??                       9Fh
                      0010445c  61                                 ??                       61h    a
                      0010445d  a4                                 ??                       A4h
                      0010445e  fe                                  ??                       FEh
                      0010445f  69                                 ??                       69h    i
                      00104460  1e                                 ??                       1Eh
                      00104461  ac                                 ??                       ACh
                      00104462  d5                                 ??                       D5h
                      00104463  bf                                 ??                       BFh
                      00104464  39                                 ??                       39h    9
                      00104465  78                                 ??                       78h    x
                      00104466  ab                                 ??                       ABh
                      00104467  ff                                  ??                       FFh
                      00104468  76                                 ??                       76h    v
                      00104469  d0                                 ??                       D0h
                      0010446a  56                                 ??                       56h    V
                      0010446b  7f                                 ??                       7Fh    
                      0010446c  ed                                 ??                       EDh
                      0010446d  a0                                 ??                       A0h
                      0010446e  ad                                 ??                       ADh
                      0010446f  fe                                  ??                       FEh
                      00104470  de                                 ??                       DEh
                      00104471  61                                 ??                       61h    a
                      00104472  5b                                 ??                       5Bh    [
                      00104473  7d                                 ??                       7Dh    }
                      00104474  bc                                 ??                       BCh
                      00104475  c3                                 ??                       C3h
                      00104476  b6                                 ??                       B6h
                      00104477  fa                                  ??                       FAh
                      00104478  7d                                 ??                       7Dh    }
                      00104479  a7                                 ??                       A7h
                      0010447a  6d                                 ??                       6Dh    m
                      0010447b  75                                 ??                       75h    u
                      0010447c  fa                                  ??                       FAh
                      0010447d  4e                                 ??                       4Eh    N
                      0010447e  db                                 ??                       DBh
                      0010447f  ea                                 ??                       EAh
                      00104480  80                                 ??                       80h
                      00104481  8f                                 ??                       8Fh
                      00104482  b5                                 ??                       B5h
                      00104483  2d                                 ??                       2Dh    -
                      00104484  00                                 ??                       00h
                      00104485  1f                                 ??                       1Fh
                      00104486  6b                                 ??                       6Bh    k
                      00104487  5b                                 ??                       5Bh    [
                      00104488  01                                 ??                       01h
                      00104489  3e                                 ??                       3Eh    >
                      0010448a  d6                                 ??                       D6h
                      0010448b  b6                                 ??                       B6h
                      0010448c  f1                                 ??                       F1h
                      0010448d  bd                                 ??                       BDh
                      0010448e  b6                                 ??                       B6h
                      0010448f  55                                 ??                       55h    U
                      00104490  e3                                 ??                       E3h
                      00104491  7b                                 ??                       7Bh    {
                      00104492  6d                                 ??                       6Dh    m
                      00104493  ab                                 ??                       ABh
                      00104494  c2                                 ??                       C2h
                      00104495  d7                                 ??                       D7h
                      00104496  da                                 ??                       DAh
                      00104497  d6                                 ??                       D6h
                      00104498  08                                 ??                       08h
                      00104499  98                                 ??                       98h
                      0010449a  58                                 ??                       58h    X
                      0010449b  5b                                 ??                       5Bh    [
                      0010449c  06                                 ??                       06h
                      0010449d  5c                                 ??                       5Ch    \
                      0010449e  ac                                 ??                       ACh
                      0010449f  ed                                 ??                       EDh