DAT_001041a0                                                                                       XREF[1]:              FUN_00101470:001014a1(*)
                      001041a0  f5                                 ??                       F5h
                      001041a1  e7                                 ??                       E7h
                      001041a2  10                                 ??                       10h
                      001041a3  ae                                 ??                       AEh
                      001041a4  b6                                 ??                       B6h
                      001041a5  ff                                  ??                       FFh
                      001041a6  87                                 ??                       87h
                      001041a7  70                                 ??                       70h    p
                      001041a8  6d                                 ??                       6Dh    m
                      001041a9  ff                                  ??                       FFh
                      001041aa  0f                                 ??                       0Fh
                      001041ab  e1                                 ??                       E1h
                      001041ac  df                                 ??                       DFh
                      001041ad  de                                 ??                       DEh
                      001041ae  1f                                 ??                       1Fh
                       001041af  42                                 ??                       42h    B
                      001041b0  bf                                 ??                       BFh
                      001041b1  bd                                 ??                       BDh
                      001041b2  3f                                 ??                       3Fh    ?
                      001041b3  84                                 ??                       84h
                      001041b4  ef                                  ??                       EFh
                      001041b5  ef                                  ??                       EFh
                      001041b6  21                                 ??                       21h    !
                      001041b7  dc                                 ??                       DCh
                      001041b8  db                                 ??                       DBh
                      001041b9  ff                                  ??                       FFh
                      001041ba  43                                 ??                       43h    C
                      001041bb  38                                 ??                       38h    8
                      001041bc  7b                                 ??                       7Bh    {
                      001041bd  5b                                 ??                       5Bh    [
                      001041be  7f                                 ??                       7Fh    
                      001041bf  88                                 ??                       88h
                      001041c0  f3                                 ??                       F3h
                      001041c1  96                                 ??                       96h
                      001041c2  fe                                  ??                       FEh
                      001041c3  90                                 ??                       90h
                      001041c4  82                                 ??                       82h
                      001041c5  57                                 ??                       57h    W
                      001041c6  f4                                 ??                       F4h
                      001041c7  07                                 ??                       07h
                      001041c8  04                                 ??                       04h
                      001041c9  af                                  ??                       AFh
                      001041ca  e8                                 ??                       E8h
                      001041cb  0f                                 ??                       0Fh
                      001041cc  e3                                 ??                       E3h
                      001041cd  0d                                 ??                       0Dh
                      001041ce  fd                                 ??                       FDh
                       001041cf  a1                                 ??                       A1h
                      001041d0  c3                                 ??                       C3h
                      001041d1  3b                                 ??                       3Bh    ;
                      001041d2  fa                                  ??                       FAh
                      001041d3  c3                                 ??                       C3h
                      001041d4  4f                                 ??                       4Fh    O
                      001041d5  f0                                 ??                       F0h
                      001041d6  8a                                 ??                       8Ah
                      001041d7  fe                                  ??                       FEh
                      001041d8  9b                                 ??                       9Bh
                      001041d9  c0                                 ??                       C0h
                      001041da  15                                 ??                       15h
                      001041db  7d                                 ??                       7Dh    }
                      001041dc  27                                 ??                       27h    '
                      001041dd  78                                 ??                       78h    x
                      001041de  45                                 ??                       45h    E
                      001041df  7f                                 ??                       7Fh    
                      001041e0  09                                 ??                       09h
                      001041e1  5e                                 ??                       5Eh    ^
                      001041e2  d1                                 ??                       D1h
                      001041e3  1f                                 ??                       1Fh
                      001041e4  13                                 ??                       13h
                      001041e5  bc                                 ??                       BCh
                      001041e6  a2                                 ??                       A2h
                      001041e7  3f                                 ??                       3Fh    ?
                      001041e8  36                                 ??                       36h    6
                      001041e9  81                                 ??                       81h
                      001041ea  2b                                 ??                       2Bh    +
                      001041eb  fa                                  ??                       FAh
                      001041ec  68                                 ??                       68h    h
                      001041ed  22                                 ??                       22h    "
                      001041ee  57                                 ??                       57h    W
                       001041ef  74                                 ??                       74h    t
                      001041f0  45                                 ??                       45h    E
                      001041f1  5a                                 ??                       5Ah    Z
                      001041f2  ca                                 ??                       CAh
                      001041f3  15                                 ??                       15h
                      001041f4  93                                 ??                       93h
                      001041f5  86                                 ??                       86h
                      001041f6  72                                 ??                       72h    r
                      001041f7  c5                                 ??                       C5h
                      001041f8  a5                                 ??                       A5h
                      001041f9  a9                                 ??                       A9h
                       001041fa  5c                                 ??                       5Ch    \
                      001041fb  51                                 ??                       51h    Q
                       001041fc  4b                                 ??                       4Bh    K
                      001041fd  53                                 ??                       53h    S
                       001041fe  b9                                 ??                       B9h
                       001041ff  a2                                 ??                       A2h
                      00104200  22                                 ??                       22h    "
                      00104201  2d                                 ??                       2Dh    -
                      00104202  e5                                 ??                       E5h
                      00104203  0a                                 ??                       0Ah
                      00104204  d0                                 ??                       D0h
                      00104205  44                                 ??                       44h    D
                      00104206  ae                                 ??                       AEh
                      00104207  e8                                 ??                       E8h
                      00104208  5f                                 ??                       5Fh    _
                      00104209  84                                 ??                       84h
                      0010420a  a5                                 ??                       A5h
                      0010420b  dc                                 ??                       DCh
                      0010420c  bb                                 ??                       BBh
                      0010420d  28                                 ??                       28h    (
                      0010420e  4b                                 ??                       4Bh    K
                      0010420f  39                                 ??                       39h    9
                      00104210  77                                 ??                       77h    w
                      00104211  51                                 ??                       51h    Q
                      00104212  96                                 ??                       96h
                      00104213  72                                 ??                       72h    r
                      00104214  8b                                 ??                       8Bh
                      00104215  b4                                 ??                       B4h
                      00104216  94                                 ??                       94h
                      00104217  2b                                 ??                       2Bh    +
                      00104218  16                                 ??                       16h
                      00104219  69                                 ??                       69h    i
                      0010421a  29                                 ??                       29h    )
                      0010421b  57                                 ??                       57h    W
                      0010421c  2d                                 ??                       2Dh    -
                      0010421d  d2                                 ??                       D2h
                      0010421e  52                                 ??                       52h    R
                      0010421f  ae                                 ??                       AEh
                      00104220  ef                                  ??                       EFh
                      00104221  a2                                 ??                       A2h
                      00104222  2c                                 ??                       2Ch    ,
                      00104223  e5                                 ??                       E5h
                      00104224  db                                 ??                       DBh
                      00104225  65                                 ??                       65h    e
                      00104226  59                                 ??                       59h    Y
                      00104227  4a                                 ??                       4Ah    J
                      00104228  b7                                 ??                       B7h
                      00104229  cb                                 ??                       CBh
                      0010422a  b2                                 ??                       B2h
                      0010422b  94                                 ??                       94h
                      0010422c  6a                                 ??                       6Ah    j
                      0010422d  b7                                 ??                       B7h
                      0010422e  65                                 ??                       65h    e
                      0010422f  a9                                 ??                       A9h
                      00104230  a5                                 ??                       A5h
                      00104231  bd                                 ??                       BDh
                      00104232  96                                 ??                       96h
                      00104233  25                                 ??                       25h    %
                      00104234  4a                                 ??                       4Ah    J
                      00104235  7b                                 ??                       7Bh    {
                      00104236  2d                                 ??                       2Dh    -
                      00104237  4b                                 ??                       4Bh    K
                      00104238  95                                 ??                       95h
                      00104239  f6                                 ??                       F6h
                      0010423a  5a                                 ??                       5Ah    Z
                      0010423b  96                                 ??                       96h
                      0010423c  2f                                 ??                       2Fh    /
                      0010423d  cd                                 ??                       CDh
                      0010423e  b5                                 ??                       B5h
                      0010423f  ac                                 ??                       ACh
                      00104240  5b                                 ??                       5Bh    [
                      00104241  ba                                 ??                       BAh
                      00104242  6b                                 ??                       6Bh    k
                      00104243  d9                                 ??                       D9h
                      00104244  b3                                 ??                       B3h
                      00104245  54                                 ??                       54h    T
                      00104246  d7                                 ??                       D7h
                      00104247  32                                 ??                       32h    2
                      00104248  d0                                 ??                       D0h
                      00104249  4e                                 ??                       4Eh    N
                      0010424a  cb                                 ??                       CBh
                      0010424b  d2                                 ??                       D2h
                      0010424c  67                                 ??                       67h    g
                      0010424d  a9                                 ??                       A9h
                      0010424e  ae                                 ??                       AEh
                      0010424f  65                                 ??                       65h    e
                      00104250  ce                                 ??                       CEh
                      00104251  52                                 ??                       52h    R
                      00104252  5d                                 ??                       5Dh    ]
                      00104253  cb                                 ??                       CBh
                      00104254  30                                 ??                       30h    0
                      00104255  0b                                 ??                       0Bh
                      00104256  75                                 ??                       75h    u
                      00104257  2d                                 ??                       2Dh    -
                      00104258  98                                 ??                       98h
                      00104259  85                                 ??                       85h
                      0010425a  ba                                 ??                       BAh
                      0010425b  16                                 ??                       16h
                      0010425c  60                                 ??                       60h    `
                      0010425d  16                                 ??                       16h
                      0010425e  ea                                 ??                       EAh
                      0010425f  5a                                 ??                       5Ah    Z
                      00104260  c0                                 ??                       C0h
                      00104261  2c                                 ??                       2Ch    ,
                      00104262  d4                                 ??                       D4h
                      00104263  b5                                 ??                       B5h
                      00104264  0e                                 ??                       0Eh
                      00104265  d3                                 ??                       D3h
                      00104266  50                                 ??                       50h    P
                      00104267  57                                 ??                       57h    W
                      00104268  1d                                 ??                       1Dh
                      00104269  a6                                 ??                       A6h
                      0010426a  a1                                 ??                       A1h
                      0010426b  ae                                 ??                       AEh
                      0010426c  3e                                 ??                       3Eh    >
                      0010426d  6c                                 ??                       6Ch    l
                      0010426e  43                                 ??                       43h    C
                      0010426f  dd                                 ??                       DDh
                      00104270  79                                 ??                       79h    y
                      00104271  f8                                 ??                       F8h
                      00104272  86                                 ??                       86h
                      00104273  3a                                 ??                       3Ah    :
                      00104274  f2                                 ??                       F2h
                      00104275  f0                                 ??                       F0h
                      00104276  0d                                 ??                       0Dh
                      00104277  75                                 ??                       75h    u
                      00104278  e5                                 ??                       E5h
                      00104279  e1                                 ??                       E1h
                      0010427a  1b                                 ??                       1Bh
                      0010427b  ea                                 ??                       EAh
                      0010427c  cf                                  ??                       CFh
                      0010427d  e3                                 ??                       E3h
                      0010427e  37                                 ??                       37h    7
                      0010427f  54                                 ??                       54h    T
                      00104280  85                                 ??                       85h
                      00104281  79                                 ??                       79h    y
                      00104282  a8                                 ??                       A8h
                      00104283  eb                                 ??                       EBh
                      00104284  74                                 ??                       74h    t
                      00104285  7e                                 ??                       7Eh    ~
                      00104286  bf                                 ??                       BFh
                      00104287  21                                 ??                       21h    !
                      00104288  e8                                 ??                       E8h
                      00104289  fc                                  ??                       FCh
                      0010428a  7e                                 ??                       7Eh    ~
                      0010428b  43                                 ??                       43h    C
                      0010428c  9e                                 ??                       9Eh
                      0010428d  c7                                 ??                       C7h
                      0010428e  6f                                 ??                       6Fh    o
                      0010428f  a8                                 ??                       A8h
                      00104290  38                                 ??                       38h    8
                      00104291  af                                  ??                       AFh
                      00104292  df                                 ??                       DFh
                      00104293  d0                                 ??                       D0h
                      00104294  d1                                 ??                       D1h
                      00104295  f9                                 ??                       F9h
                      00104296  fd                                 ??                       FDh
                      00104297  86                                 ??                       86h
                      00104298  a7                                 ??                       A7h
                      00104299  d3                                 ??                       D3h
                      0010429a  fb                                 ??                       FBh
                      0010429b  8d                                 ??                       8Dh
                      0010429c  4a                                 ??                       4Ah    J
                      0010429d  87                                 ??                       87h
                      0010429e  f7                                 ??                       F7h
                      0010429f  9b                                 ??                       9Bh