DAT_001042a0                                                                                       XREF[1]:              FUN_00101470:00101480(*)
                      001042a0  49                                 ??                       49h    I
                      001042a1  13                                 ??                       13h
                      001042a2  4d                                 ??                       4Dh    M
                      001042a3  9b                                 ??                       9Bh
                      001042a4  92                                 ??                       92h
                      001042a5  26                                 ??                       26h    &
                      001042a6  9a                                 ??                       9Ah
                      001042a7  36                                 ??                       36h    6
                      001042a8  a4                                 ??                       A4h
                      001042a9  89                                 ??                       89h
                      001042aa  a6                                 ??                       A6h
                      001042ab  cd                                 ??                       CDh
                      001042ac  48                                 ??                       48h    H
                      001042ad  9a                                 ??                       9Ah
                      001042ae  68                                 ??                       68h    h
                       001042af  da                                 ??                       DAh
                      001042b0  90                                 ??                       90h
                      001042b1  34                                 ??                       34h    4
                      001042b2  d1                                 ??                       D1h
                      001042b3  b4                                 ??                       B4h
                      001042b4  21                                 ??                       21h    !
                      001042b5  69                                 ??                       69h    i
                      001042b6  a2                                 ??                       A2h
                      001042b7  69                                 ??                       69h    i
                      001042b8  43                                 ??                       43h    C
                      001042b9  d2                                 ??                       D2h
                      001042ba  44                                 ??                       44h    D
                      001042bb  d3                                 ??                       D3h
                      001042bc  24                                 ??                       24h    $
                      001042bd  4d                                 ??                       4Dh    M
                      001042be  34                                 ??                       34h    4
                      001042bf  6d                                 ??                       6Dh    m
                      001042c0  86                                 ??                       86h
                      001042c1  a4                                 ??                       A4h
                      001042c2  89                                 ??                       89h
                      001042c3  a6                                 ??                       A6h
                      001042c4  0d                                 ??                       0Dh
                      001042c5  49                                 ??                       49h    I
                      001042c6  13                                 ??                       13h
                      001042c7  4d                                 ??                       4Dh    M
                      001042c8  1a                                 ??                       1Ah
                      001042c9  92                                 ??                       92h
                      001042ca  26                                 ??                       26h    &
                      001042cb  9a                                 ??                       9Ah
                      001042cc  6b                                 ??                       6Bh    k
                      001042cd  48                                 ??                       48h    H
                      001042ce  9a                                 ??                       9Ah
                       001042cf  68                                 ??                       68h    h
                      001042d0  35                                 ??                       35h    5
                      001042d1  24                                 ??                       24h    $
                      001042d2  4d                                 ??                       4Dh    M
                      001042d3  34                                 ??                       34h    4
                      001042d4  d7                                 ??                       D7h
                      001042d5  90                                 ??                       90h
                      001042d6  34                                 ??                       34h    4
                      001042d7  d1                                 ??                       D1h
                      001042d8  ae                                 ??                       AEh
                      001042d9  21                                 ??                       21h    !
                      001042da  69                                 ??                       69h    i
                      001042db  a2                                 ??                       A2h
                      001042dc  ba                                 ??                       BAh
                      001042dd  86                                 ??                       86h
                      001042de  a4                                 ??                       A4h
                      001042df  89                                 ??                       89h
                      001042e0  5d                                 ??                       5Dh    ]
                      001042e1  43                                 ??                       43h    C
                      001042e2  d2                                 ??                       D2h
                      001042e3  44                                 ??                       44h    D
                      001042e4  75                                 ??                       75h    u
                      001042e5  0d                                 ??                       0Dh
                      001042e6  49                                 ??                       49h    I
                      001042e7  13                                 ??                       13h
                      001042e8  ea                                 ??                       EAh
                      001042e9  1a                                 ??                       1Ah
                      001042ea  92                                 ??                       92h
                      001042eb  26                                 ??                       26h    &
                      001042ec  d5                                 ??                       D5h
                      001042ed  35                                 ??                       35h    5
                      001042ee  24                                 ??                       24h    $
                       001042ef  4d                                 ??                       4Dh    M
                      001042f0  aa                                 ??                       AAh
                      001042f1  6b                                 ??                       6Bh    k
                      001042f2  48                                 ??                       48h    H
                      001042f3  9a                                 ??                       9Ah
                      001042f4  54                                 ??                       54h    T
                      001042f5  d7                                 ??                       D7h
                      001042f6  90                                 ??                       90h
                      001042f7  34                                 ??                       34h    4
                      001042f8  a9                                 ??                       A9h
                      001042f9  ae                                 ??                       AEh
                       001042fa  21                                 ??                       21h    !
                      001042fb  69                                 ??                       69h    i
                       001042fc  52                                 ??                       52h    R
                      001042fd  5d                                 ??                       5Dh    ]
                       001042fe  43                                 ??                       43h    C
                       001042ff  d2                                 ??                       D2h
                      00104300  a5                                 ??                       A5h
                      00104301  ba                                 ??                       BAh
                      00104302  86                                 ??                       86h
                      00104303  a4                                 ??                       A4h
                      00104304  4b                                 ??                       4Bh    K
                      00104305  75                                 ??                       75h    u
                      00104306  0d                                 ??                       0Dh
                      00104307  49                                 ??                       49h    I
                      00104308  96                                 ??                       96h
                      00104309  ea                                 ??                       EAh
                      0010430a  1a                                 ??                       1Ah
                      0010430b  92                                 ??                       92h
                      0010430c  2c                                 ??                       2Ch    ,
                      0010430d  d5                                 ??                       D5h
                      0010430e  35                                 ??                       35h    5
                      0010430f  24                                 ??                       24h    $
                      00104310  58                                 ??                       58h    X
                      00104311  aa                                 ??                       AAh
                      00104312  6b                                 ??                       6Bh    k
                      00104313  48                                 ??                       48h    H
                      00104314  b1                                 ??                       B1h
                      00104315  54                                 ??                       54h    T
                      00104316  d7                                 ??                       D7h
                      00104317  90                                 ??                       90h
                      00104318  62                                 ??                       62h    b
                      00104319  a9                                 ??                       A9h
                      0010431a  ae                                 ??                       AEh
                      0010431b  21                                 ??                       21h    !
                      0010431c  c4                                 ??                       C4h
                      0010431d  52                                 ??                       52h    R
                      0010431e  5d                                 ??                       5Dh    ]
                      0010431f  43                                 ??                       43h    C
                      00104320  89                                 ??                       89h
                      00104321  a5                                 ??                       A5h
                      00104322  ba                                 ??                       BAh
                      00104323  86                                 ??                       86h
                      00104324  24                                 ??                       24h    $
                      00104325  96                                 ??                       96h
                      00104326  ea                                 ??                       EAh
                      00104327  1a                                 ??                       1Ah
                      00104328  12                                 ??                       12h
                      00104329  4b                                 ??                       4Bh    K
                      0010432a  75                                 ??                       75h    u
                      0010432b  0d                                 ??                       0Dh
                      0010432c  48                                 ??                       48h    H
                      0010432d  2c                                 ??                       2Ch    ,
                      0010432e  d5                                 ??                       D5h
                      0010432f  35                                 ??                       35h    5
                      00104330  90                                 ??                       90h
                      00104331  58                                 ??                       58h    X
                      00104332  aa                                 ??                       AAh
                      00104333  6b                                 ??                       6Bh    k
                      00104334  20                                 ??                       20h
                      00104335  b1                                 ??                       B1h
                      00104336  54                                 ??                       54h    T
                      00104337  d7                                 ??                       D7h
                      00104338  81                                 ??                       81h
                      00104339  c4                                 ??                       C4h
                      0010433a  52                                 ??                       52h    R
                      0010433b  5d                                 ??                       5Dh    ]
                      0010433c  02                                 ??                       02h
                      0010433d  89                                 ??                       89h
                      0010433e  a5                                 ??                       A5h
                      0010433f  ba                                 ??                       BAh
                      00104340  40                                 ??                       40h    @
                      00104341  62                                 ??                       62h    b
                      00104342  a9                                 ??                       A9h
                      00104343  ae                                 ??                       AEh
                      00104344  0a                                 ??                       0Ah
                      00104345  24                                 ??                       24h    $
                      00104346  96                                 ??                       96h
                      00104347  ea                                 ??                       EAh
                      00104348  05                                 ??                       05h
                      00104349  12                                 ??                       12h
                      0010434a  4b                                 ??                       4Bh    K
                      0010434b  75                                 ??                       75h    u
                      0010434c  2a                                 ??                       2Ah    *
                      0010434d  90                                 ??                       90h
                      0010434e  58                                 ??                       58h    X
                      0010434f  aa                                 ??                       AAh
                      00104350  55                                 ??                       55h    U
                      00104351  20                                 ??                       20h
                      00104352  b1                                 ??                       B1h
                      00104353  54                                 ??                       54h    T
                      00104354  aa                                 ??                       AAh
                      00104355  40                                 ??                       40h    @
                      00104356  62                                 ??                       62h    b
                      00104357  a9                                 ??                       A9h
                      00104358  54                                 ??                       54h    T
                      00104359  81                                 ??                       81h
                      0010435a  c4                                 ??                       C4h
                      0010435b  52                                 ??                       52h    R
                      0010435c  15                                 ??                       15h
                      0010435d  48                                 ??                       48h    H
                      0010435e  2c                                 ??                       2Ch    ,
                      0010435f  d5                                 ??                       D5h
                      00104360  a9                                 ??                       A9h
                      00104361  02                                 ??                       02h
                      00104362  89                                 ??                       89h
                      00104363  a5                                 ??                       A5h
                      00104364  53                                 ??                       53h    S
                      00104365  05                                 ??                       05h
                      00104366  12                                 ??                       12h
                      00104367  4b                                 ??                       4Bh    K
                      00104368  a7                                 ??                       A7h
                      00104369  0a                                 ??                       0Ah
                      0010436a  24                                 ??                       24h    $
                      0010436b  96                                 ??                       96h
                      0010436c  4e                                 ??                       4Eh    N
                      0010436d  15                                 ??                       15h
                      0010436e  48                                 ??                       48h    H
                      0010436f  2c                                 ??                       2Ch    ,
                      00104370  9d                                 ??                       9Dh
                      00104371  2a                                 ??                       2Ah    *
                      00104372  90                                 ??                       90h
                      00104373  58                                 ??                       58h    X
                      00104374  3a                                 ??                       3Ah    :
                      00104375  55                                 ??                       55h    U
                      00104376  20                                 ??                       20h
                      00104377  b1                                 ??                       B1h
                      00104378  75                                 ??                       75h    u
                      00104379  aa                                 ??                       AAh
                      0010437a  40                                 ??                       40h    @
                      0010437b  62                                 ??                       62h    b
                      0010437c  ea                                 ??                       EAh
                      0010437d  54                                 ??                       54h    T
                      0010437e  81                                 ??                       81h
                      0010437f  c4                                 ??                       C4h
                      00104380  ab                                 ??                       ABh
                      00104381  4e                                 ??                       4Eh    N
                      00104382  15                                 ??                       15h
                      00104383  48                                 ??                       48h    H
                      00104384  56                                 ??                       56h    V
                      00104385  9d                                 ??                       9Dh
                      00104386  2a                                 ??                       2Ah    *
                      00104387  90                                 ??                       90h
                      00104388  ac                                 ??                       ACh
                      00104389  3a                                 ??                       3Ah    :
                      0010438a  55                                 ??                       55h    U
                      0010438b  20                                 ??                       20h
                      0010438c  d5                                 ??                       D5h
                      0010438d  a9                                 ??                       A9h
                      0010438e  02                                 ??                       02h
                      0010438f  89                                 ??                       89h
                      00104390  aa                                 ??                       AAh
                      00104391  53                                 ??                       53h    S
                      00104392  05                                 ??                       05h
                      00104393  12                                 ??                       12h
                      00104394  55                                 ??                       55h    U
                      00104395  a7                                 ??                       A7h
                      00104396  0a                                 ??                       0Ah
                      00104397  24                                 ??                       24h    $
                      00104398  b3                                 ??                       B3h
                      00104399  ea                                 ??                       EAh
                      0010439a  54                                 ??                       54h    T
                      0010439b  81                                 ??                       81h
                      0010439c  59                                 ??                       59h    Y
                      0010439d  75                                 ??                       75h    u
                      0010439e  aa                                 ??                       AAh
                      0010439f  40                                 ??                       40h    @