DAT_001040a0                                                                                       XREF[1]:              FUN_00101470:0010149a(*)
                      001040a0  df                                 ??                       DFh
                      001040a1  8e                                 ??                       8Eh
                      001040a2  cf                                  ??                       CFh
                      001040a3  df                                 ??                       DFh
                      001040a4  fe                                  ??                       FEh
                      001040a5  76                                 ??                       76h    v
                      001040a6  7c                                 ??                       7Ch    |
                      001040a7  fe                                  ??                       FEh
                      001040a8  fc                                  ??                       FCh
                      001040a9  ed                                 ??                       EDh
                      001040aa  f8                                 ??                       F8h
                      001040ab  fc                                  ??                       FCh
                      001040ac  f9                                 ??                       F9h
                      001040ad  db                                 ??                       DBh
                      001040ae  f1                                 ??                       F1h
                       001040af  f9                                 ??                       F9h
                      001040b0  f2                                 ??                       F2h
                      001040b1  b7                                 ??                       B7h
                      001040b2  e3                                 ??                       E3h
                      001040b3  f3                                 ??                       F3h
                      001040b4  bf                                 ??                       BFh
                      001040b5  1d                                 ??                       1Dh
                      001040b6  9f                                 ??                       9Fh
                      001040b7  bf                                 ??                       BFh
                      001040b8  7f                                 ??                       7Fh    
                      001040b9  3b                                 ??                       3Bh    ;
                      001040ba  3e                                 ??                       3Eh    >
                      001040bb  7f                                 ??                       7Fh    
                      001040bc  e5                                 ??                       E5h
                      001040bd  6f                                 ??                       6Fh    o
                      001040be  c7                                 ??                       C7h
                      001040bf  e7                                 ??                       E7h
                      001040c0  cb                                 ??                       CBh
                      001040c1  df                                 ??                       DFh
                      001040c2  8e                                 ??                       8Eh
                      001040c3  cf                                  ??                       CFh
                      001040c4  5f                                 ??                       5Fh    _
                      001040c5  fe                                  ??                       FEh
                      001040c6  76                                 ??                       76h    v
                      001040c7  7c                                 ??                       7Ch    |
                      001040c8  be                                 ??                       BEh
                      001040c9  fc                                  ??                       FCh
                      001040ca  ed                                 ??                       EDh
                      001040cb  f8                                 ??                       F8h
                      001040cc  97                                 ??                       97h
                      001040cd  bf                                 ??                       BFh
                      001040ce  1d                                 ??                       1Dh
                       001040cf  9f                                 ??                       9Fh
                      001040d0  2f                                 ??                       2Fh    /
                      001040d1  7f                                 ??                       7Fh    
                      001040d2  3b                                 ??                       3Bh    ;
                      001040d3  3e                                 ??                       3Eh    >
                      001040d4  e0                                 ??                       E0h
                      001040d5  cb                                 ??                       CBh
                      001040d6  df                                 ??                       DFh
                      001040d7  8e                                 ??                       8Eh
                      001040d8  c1                                 ??                       C1h
                      001040d9  97                                 ??                       97h
                      001040da  bf                                 ??                       BFh
                      001040db  1d                                 ??                       1Dh
                      001040dc  f0                                 ??                       F0h
                      001040dd  e5                                 ??                       E5h
                      001040de  6f                                 ??                       6Fh    o
                      001040df  c7                                 ??                       C7h
                      001040e0  7c                                 ??                       7Ch    |
                      001040e1  f9                                 ??                       F9h
                      001040e2  db                                 ??                       DBh
                      001040e3  f1                                 ??                       F1h
                      001040e4  f8                                 ??                       F8h
                      001040e5  f2                                 ??                       F2h
                      001040e6  b7                                 ??                       B7h
                      001040e7  e3                                 ??                       E3h
                      001040e8  82                                 ??                       82h
                      001040e9  2f                                 ??                       2Fh    /
                      001040ea  7f                                 ??                       7Fh    
                      001040eb  3b                                 ??                       3Bh    ;
                      001040ec  05                                 ??                       05h
                      001040ed  5f                                 ??                       5Fh    _
                      001040ee  fe                                  ??                       FEh
                       001040ef  76                                 ??                       76h    v
                      001040f0  56                                 ??                       56h    V
                      001040f1  c1                                 ??                       C1h
                      001040f2  97                                 ??                       97h
                      001040f3  bf                                 ??                       BFh
                      001040f4  55                                 ??                       55h    U
                      001040f5  f0                                 ??                       F0h
                      001040f6  e5                                 ??                       E5h
                      001040f7  6f                                 ??                       6Fh    o
                      001040f8  15                                 ??                       15h
                      001040f9  7c                                 ??                       7Ch    |
                       001040fa  f9                                 ??                       F9h
                      001040fb  db                                 ??                       DBh
                       001040fc  2a                                 ??                       2Ah    *
                      001040fd  f8                                 ??                       F8h
                       001040fe  f2                                 ??                       F2h
                       001040ff  b7                                 ??                       B7h
                      00104100  ab                                 ??                       ABh
                      00104101  e0                                 ??                       E0h
                      00104102  cb                                 ??                       CBh
                      00104103  df                                 ??                       DFh
                      00104104  0a                                 ??                       0Ah
                      00104105  be                                 ??                       BEh
                      00104106  fc                                  ??                       FCh
                      00104107  ed                                 ??                       EDh
                      00104108  61                                 ??                       61h    a
                      00104109  15                                 ??                       15h
                      0010410a  7c                                 ??                       7Ch    |
                      0010410b  f9                                 ??                       F9h
                      0010410c  c3                                 ??                       C3h
                      0010410d  2a                                 ??                       2Ah    *
                      0010410e  f8                                 ??                       F8h
                      0010410f  f2                                 ??                       F2h
                      00104110  86                                 ??                       86h
                      00104111  55                                 ??                       55h    U
                      00104112  f0                                 ??                       F0h
                      00104113  e5                                 ??                       E5h
                      00104114  ac                                 ??                       ACh
                      00104115  82                                 ??                       82h
                      00104116  2f                                 ??                       2Fh    /
                      00104117  7f                                 ??                       7Fh    
                      00104118  58                                 ??                       58h    X
                      00104119  05                                 ??                       05h
                      0010411a  5f                                 ??                       5Fh    _
                      0010411b  fe                                  ??                       FEh
                      0010411c  b0                                 ??                       B0h
                      0010411d  0a                                 ??                       0Ah
                      0010411e  be                                 ??                       BEh
                      0010411f  fc                                  ??                       FCh
                      00104120  0c                                 ??                       0Ch
                      00104121  ab                                 ??                       ABh
                      00104122  e0                                 ??                       E0h
                      00104123  cb                                 ??                       CBh
                      00104124  19                                 ??                       19h
                      00104125  56                                 ??                       56h    V
                      00104126  c1                                 ??                       C1h
                      00104127  97                                 ??                       97h
                      00104128  32                                 ??                       32h    2
                      00104129  ac                                 ??                       ACh
                      0010412a  82                                 ??                       82h
                      0010412b  2f                                 ??                       2Fh    /
                      0010412c  65                                 ??                       65h    e
                      0010412d  58                                 ??                       58h    X
                      0010412e  05                                 ??                       05h
                      0010412f  5f                                 ??                       5Fh    _
                      00104130  97                                 ??                       97h
                      00104131  61                                 ??                       61h    a
                      00104132  15                                 ??                       15h
                      00104133  7c                                 ??                       7Ch    |
                      00104134  2e                                 ??                       2Eh    .
                      00104135  c3                                 ??                       C3h
                      00104136  2a                                 ??                       2Ah    *
                      00104137  f8                                 ??                       F8h
                      00104138  5c                                 ??                       5Ch    \
                      00104139  86                                 ??                       86h
                      0010413a  55                                 ??                       55h    U
                      0010413b  f0                                 ??                       F0h
                      0010413c  b9                                 ??                       B9h
                      0010413d  0c                                 ??                       0Ch
                      0010413e  ab                                 ??                       ABh
                      0010413f  e0                                 ??                       E0h
                      00104140  73                                 ??                       73h    s
                      00104141  19                                 ??                       19h
                      00104142  56                                 ??                       56h    V
                      00104143  c1                                 ??                       C1h
                      00104144  e7                                 ??                       E7h
                      00104145  32                                 ??                       32h    2
                      00104146  ac                                 ??                       ACh
                      00104147  82                                 ??                       82h
                      00104148  cb                                 ??                       CBh
                      00104149  b0                                 ??                       B0h
                      0010414a  0a                                 ??                       0Ah
                      0010414b  be                                 ??                       BEh
                      0010414c  ce                                 ??                       CEh
                      0010414d  65                                 ??                       65h    e
                      0010414e  58                                 ??                       58h    X
                      0010414f  05                                 ??                       05h
                      00104150  9c                                 ??                       9Ch
                      00104151  cb                                 ??                       CBh
                      00104152  b0                                 ??                       B0h
                      00104153  0a                                 ??                       0Ah
                      00104154  72                                 ??                       72h    r
                      00104155  2e                                 ??                       2Eh    .
                      00104156  c3                                 ??                       C3h
                      00104157  2a                                 ??                       2Ah    *
                      00104158  39                                 ??                       39h    9
                      00104159  97                                 ??                       97h
                      0010415a  61                                 ??                       61h    a
                      0010415b  15                                 ??                       15h
                      0010415c  e4                                 ??                       E4h
                      0010415d  5c                                 ??                       5Ch    \
                      0010415e  86                                 ??                       86h
                      0010415f  55                                 ??                       55h    U
                      00104160  c8                                 ??                       C8h
                      00104161  b9                                 ??                       B9h
                      00104162  0c                                 ??                       0Ch
                      00104163  ab                                 ??                       ABh
                      00104164  23                                 ??                       23h    #
                      00104165  e7                                 ??                       E7h
                      00104166  32                                 ??                       32h    2
                      00104167  ac                                 ??                       ACh
                      00104168  46                                 ??                       46h    F
                      00104169  ce                                 ??                       CEh
                      0010416a  65                                 ??                       65h    e
                      0010416b  58                                 ??                       58h    X
                      0010416c  8d                                 ??                       8Dh
                      0010416d  9c                                 ??                       9Ch
                      0010416e  cb                                 ??                       CBh
                      0010416f  b0                                 ??                       B0h
                      00104170  1b                                 ??                       1Bh
                      00104171  39                                 ??                       39h    9
                      00104172  97                                 ??                       97h
                      00104173  61                                 ??                       61h    a
                      00104174  36                                 ??                       36h    6
                      00104175  72                                 ??                       72h    r
                      00104176  2e                                 ??                       2Eh    .
                      00104177  c3                                 ??                       C3h
                      00104178  6c                                 ??                       6Ch    l
                      00104179  e4                                 ??                       E4h
                      0010417a  5c                                 ??                       5Ch    \
                      0010417b  86                                 ??                       86h
                      0010417c  d9                                 ??                       D9h
                      0010417d  c8                                 ??                       C8h
                      0010417e  b9                                 ??                       B9h
                      0010417f  0c                                 ??                       0Ch
                      00104180  91                                 ??                       91h
                      00104181  73                                 ??                       73h    s
                      00104182  19                                 ??                       19h
                      00104183  56                                 ??                       56h    V
                      00104184  cb                                 ??                       CBh
                      00104185  46                                 ??                       46h    F
                      00104186  ce                                 ??                       CEh
                      00104187  65                                 ??                       65h    e
                      00104188  96                                 ??                       96h
                      00104189  8d                                 ??                       8Dh
                      0010418a  9c                                 ??                       9Ch
                      0010418b  cb                                 ??                       CBh
                      0010418c  b2                                 ??                       B2h
                      0010418d  91                                 ??                       91h
                      0010418e  73                                 ??                       73h    s
                      0010418f  19                                 ??                       19h
                      00104190  65                                 ??                       65h    e
                      00104191  23                                 ??                       23h    #
                      00104192  e7                                 ??                       E7h
                      00104193  32                                 ??                       32h    2
                      00104194  2c                                 ??                       2Ch    ,
                      00104195  1b                                 ??                       1Bh
                      00104196  39                                 ??                       39h    9
                      00104197  97                                 ??                       97h
                      00104198  59                                 ??                       59h    Y
                      00104199  36                                 ??                       36h    6
                      0010419a  72                                 ??                       72h    r
                      0010419b  2e                                 ??                       2Eh    .
                      0010419c  b3                                 ??                       B3h
                      0010419d  6c                                 ??                       6Ch    l
                      0010419e  e4                                 ??                       E4h
                      0010419f  5c                                 ??                       5Ch    \