-------------------------------

 object[0].name = test
  string: testjson
=================================================================
==27202==ERROR: AddressSanitizer: heap-buffer-overflow on address 0x503000000098 at pc 0x5d6850497d9f bp 0x7fff6cbc17a0 sp 0x7fff6cbc1790
READ of size 8 at 0x503000000098 thread T0
    #0 0x5d6850497d9e in json_value_free_ex /home/m/CLionProjects/4-5-6-7/json_fuzz.c:200
    #1 0x5d685049d145 in json_value_free /home/m/CLionProjects/4-5-6-7/json_fuzz.c:993
    #2 0x5d6850496f0a in main /home/m/CLionProjects/4-5-6-7/main.c:135
    #3 0x79bffd42a1c9 in __libc_start_call_main ../sysdeps/nptl/libc_start_call_main.h:58
    #4 0x79bffd42a28a in __libc_start_main_impl ../csu/libc-start.c:360
    #5 0x5d68504964c4 in _start (/home/m/CLionProjects/4-5-6-7/json_parser_asan+0x34c4) (BuildId: f20bc58239a6ae28d0e79b7d191d915d16bb46b4)

0x503000000098 is located 11 bytes after 29-byte region [0x503000000070,0x50300000008d)
allocated by thread T0 here:
    #0 0x79bffd8fd9c7 in malloc ../../../../src/libsanitizer/asan/asan_malloc_linux.cpp:69
    #1 0x5d6850497106 in default_alloc /home/m/CLionProjects/4-5-6-7/json_fuzz.c:51
    #2 0x5d6850497299 in json_alloc /home/m/CLionProjects/4-5-6-7/json_fuzz.c:70
    #3 0x5d6850497645 in new_value /home/m/CLionProjects/4-5-6-7/json_fuzz.c:114
    #4 0x5d685049a937 in json_parse_ex /home/m/CLionProjects/4-5-6-7/json_fuzz.c:603
    #5 0x5d685049cf84 in json_parse /home/m/CLionProjects/4-5-6-7/json_fuzz.c:986
    #6 0x5d6850496e71 in main /home/m/CLionProjects/4-5-6-7/main.c:125
    #7 0x79bffd42a1c9 in __libc_start_call_main ../sysdeps/nptl/libc_start_call_main.h:58
    #8 0x79bffd42a28a in __libc_start_main_impl ../csu/libc-start.c:360
    #9 0x5d68504964c4 in _start (/home/m/CLionProjects/4-5-6-7/json_parser_asan+0x34c4) (BuildId: f20bc58239a6ae28d0e79b7d191d915d16bb46b4)

SUMMARY: AddressSanitizer: heap-buffer-overflow /home/m/CLionProjects/4-5-6-7/json_fuzz.c:200 in json_value_free_ex
Shadow bytes around the buggy address:
  0x502ffffffe00: 00 00 00 00 00 00 00 00 00 00 00 00 00 00 00 00
  0x502ffffffe80: 00 00 00 00 00 00 00 00 00 00 00 00 00 00 00 00
  0x502fffffff00: 00 00 00 00 00 00 00 00 00 00 00 00 00 00 00 00
  0x502fffffff80: 00 00 00 00 00 00 00 00 00 00 00 00 00 00 00 00
  0x503000000000: fa fa 00 00 00 fa fa fa 00 00 05 fa fa fa 00 00
=>0x503000000080: 00 05 fa[fa]fa fa fa fa fa fa fa fa fa fa fa fa
  0x503000000100: fa fa fa fa fa fa fa fa fa fa fa fa fa fa fa fa
  0x503000000180: fa fa fa fa fa fa fa fa fa fa fa fa fa fa fa fa
  0x503000000200: fa fa fa fa fa fa fa fa fa fa fa fa fa fa fa fa
  0x503000000280: fa fa fa fa fa fa fa fa fa fa fa fa fa fa fa fa
  0x503000000300: fa fa fa fa fa fa fa fa fa fa fa fa fa fa fa fa
Shadow byte legend (one shadow byte represents 8 application bytes):
  Addressable:           00
  Partially addressable: 01 02 03 04 05 06 07 
  Heap left redzone:       fa
  Freed heap region:       fd
  Stack left redzone:      f1
  Stack mid redzone:       f2
  Stack right redzone:     f3
  Stack after return:      f5
  Stack use after scope:   f8
  Global redzone:          f9
  Global init order:       f6
  Poisoned by user:        f7
  Container overflow:      fc
  Array cookie:            ac
  Intra object redzone:    bb
  ASan internal:           fe
  Left alloca redzone:     ca
  Right alloca redzone:    cb
==27202==ABORTING

