execve("./json_parser", ["./json_parser", "test.json"], 0x7ffef3d37ac8 /* 74 vars */) = 0
brk(NULL)                               = 0x6044aa646000
mmap(NULL, 8192, PROT_READ|PROT_WRITE, MAP_PRIVATE|MAP_ANONYMOUS, -1, 0) = 0x7b7afb355000
access("/etc/ld.so.preload", R_OK)      = -1 ENOENT (No such file or directory)
openat(AT_FDCWD, "/etc/ld.so.cache", O_RDONLY|O_CLOEXEC) = 3
fstat(3, {st_mode=S_IFREG|0644, st_size=82427, ...}) = 0
mmap(NULL, 82427, PROT_READ, MAP_PRIVATE, 3, 0) = 0x7b7afb340000
close(3)                                = 0
openat(AT_FDCWD, "/lib/x86_64-linux-gnu/libm.so.6", O_RDONLY|O_CLOEXEC) = 3
read(3, "\177ELF\2\1\1\3\0\0\0\0\0\0\0\0\3\0>\0\1\0\0\0\0\0\0\0\0\0\0\0"..., 832) = 832
fstat(3, {st_mode=S_IFREG|0644, st_size=952616, ...}) = 0
mmap(NULL, 950296, PROT_READ, MAP_PRIVATE|MAP_DENYWRITE, 3, 0) = 0x7b7afb257000
mmap(0x7b7afb267000, 520192, PROT_READ|PROT_EXEC, MAP_PRIVATE|MAP_FIXED|MAP_DENYWRITE, 3, 0x10000) = 0x7b7afb267000
mmap(0x7b7afb2e6000, 360448, PROT_READ, MAP_PRIVATE|MAP_FIXED|MAP_DENYWRITE, 3, 0x8f000) = 0x7b7afb2e6000
mmap(0x7b7afb33e000, 8192, PROT_READ|PROT_WRITE, MAP_PRIVATE|MAP_FIXED|MAP_DENYWRITE, 3, 0xe7000) = 0x7b7afb33e000
close(3)                                = 0
openat(AT_FDCWD, "/lib/x86_64-linux-gnu/libc.so.6", O_RDONLY|O_CLOEXEC) = 3
read(3, "\177ELF\2\1\1\3\0\0\0\0\0\0\0\0\3\0>\0\1\0\0\0\220\243\2\0\0\0\0\0"..., 832) = 832
pread64(3, "\6\0\0\0\4\0\0\0@\0\0\0\0\0\0\0@\0\0\0\0\0\0\0@\0\0\0\0\0\0\0"..., 784, 64) = 784
fstat(3, {st_mode=S_IFREG|0755, st_size=2125328, ...}) = 0
pread64(3, "\6\0\0\0\4\0\0\0@\0\0\0\0\0\0\0@\0\0\0\0\0\0\0@\0\0\0\0\0\0\0"..., 784, 64) = 784
mmap(NULL, 2170256, PROT_READ, MAP_PRIVATE|MAP_DENYWRITE, 3, 0) = 0x7b7afb000000
mmap(0x7b7afb028000, 1605632, PROT_READ|PROT_EXEC, MAP_PRIVATE|MAP_FIXED|MAP_DENYWRITE, 3, 0x28000) = 0x7b7afb028000
mmap(0x7b7afb1b0000, 323584, PROT_READ, MAP_PRIVATE|MAP_FIXED|MAP_DENYWRITE, 3, 0x1b0000) = 0x7b7afb1b0000
mmap(0x7b7afb1ff000, 24576, PROT_READ|PROT_WRITE, MAP_PRIVATE|MAP_FIXED|MAP_DENYWRITE, 3, 0x1fe000) = 0x7b7afb1ff000
mmap(0x7b7afb205000, 52624, PROT_READ|PROT_WRITE, MAP_PRIVATE|MAP_FIXED|MAP_ANONYMOUS, -1, 0) = 0x7b7afb205000
close(3)                                = 0
mmap(NULL, 12288, PROT_READ|PROT_WRITE, MAP_PRIVATE|MAP_ANONYMOUS, -1, 0) = 0x7b7afb254000
arch_prctl(ARCH_SET_FS, 0x7b7afb254740) = 0
set_tid_address(0x7b7afb254a10)         = 26186
set_robust_list(0x7b7afb254a20, 24)     = 0
rseq(0x7b7afb255060, 0x20, 0, 0x53053053) = 0
mprotect(0x7b7afb1ff000, 16384, PROT_READ) = 0
mprotect(0x7b7afb33e000, 4096, PROT_READ) = 0
mprotect(0x604485a7d000, 4096, PROT_READ) = 0
mprotect(0x7b7afb393000, 8192, PROT_READ) = 0
prlimit64(0, RLIMIT_STACK, NULL, {rlim_cur=8192*1024, rlim_max=RLIM64_INFINITY}) = 0
munmap(0x7b7afb340000, 82427)           = 0
newfstatat(AT_FDCWD, "test.json", {st_mode=S_IFREG|0664, st_size=21, ...}, 0) = 0
getrandom("\x75\xf3\xc8\xfc\x81\xb3\x45\xa1", 8, GRND_NONBLOCK) = 8
brk(NULL)                               = 0x6044aa646000
brk(0x6044aa667000)                     = 0x6044aa667000
openat(AT_FDCWD, "test.json", O_RDONLY) = 3
fstat(3, {st_mode=S_IFREG|0664, st_size=21, ...}) = 0
read(3, "{\"test\": \"testjson\"}\n", 4096) = 21
close(3)                                = 0
fstat(1, {st_mode=S_IFCHR|0620, st_rdev=makedev(0x88, 0x2), ...}) = 0
write(1, "--------------------------------"..., 33) = 33
write(1, "\n", 1)                       = 1
write(1, " object[0].name = test\n", 23) = 23
write(1, "  string: testjson\n", 19)    = 19
--- SIGSEGV {si_signo=SIGSEGV, si_code=SEGV_MAPERR, si_addr=0x29} ---
+++ killed by SIGSEGV (core dumped) +++
